<?xml version="1.0"?>
<component name="org.nuxeo.ecm.core.test.blobmanager2">
  <extension target="org.nuxeo.ecm.core.blob.BlobManager" point="configuration">    

    <blobprovider name="test">
      <class>org.nuxeo.ecm.core.storage.sql.S3BinaryManager</class>
      <property name="endpoint">${minio.url}</property>
      <property name="awsid">${minio.accessKey}</property>
      <property name="awssecret">${minio.secretKey}</property>
      <property name="bucket">${minio.bucket}</property>
      <property name="bucket_prefix"></property>
    </blobprovider>

  </extension>
</component>
